<?xml version="1.0" encoding="UTF-8"?><testsuite errors="0" failures="1" name="Current Job Openings" skipped="0" tests="2" time="15.53" timestamp="2022-01-04 03:34:56"><testcase name="Web runs correctly"/><testcase name="Senior QA Engineer position exists"><failure message="Expected enabled element was not enabled&#10;Build info: version: '3.141.59', revision: 'e82be7d358', time: '2018-11-14T08:17:03'&#10;System info: host: 'DESKTOP-OSLO61E', ip: '192.168.1.117', os.name: 'Windows 10', os.arch: 'amd64', os.version: '10.0', java.version: '1.8.0_311'&#10;Driver info: driver.version: unknown" type="net.thucydides.core.webdriver.exceptions.ElementShouldBeEnabledException">Expected enabled element was not enabled
Build info: version: '3.141.59', revision: 'e82be7d358', time: '2018-11-14T08:17:03'
System info: host: 'DESKTOP-OSLO61E', ip: '192.168.1.117', os.name: 'Windows 10', os.arch: 'amd64', os.version: '10.0', java.version: '1.8.0_311'
Driver info: driver.version: unknown</failure><system-err>Expected enabled element was not enabled
Build info: version: '3.141.59', revision: 'e82be7d358', time: '2018-11-14T08:17:03'
System info: host: 'DESKTOP-OSLO61E', ip: '192.168.1.117', os.name: 'Windows 10', os.arch: 'amd64', os.version: '10.0', java.version: '1.8.0_311'
Driver info: driver.version: unknown&#13;
com.tribal.base.steps.TribalCreditSteps.chooseADepartmentFromTheList(TribalCreditSteps.java:28)&#13;
com.tribal.base.stepDefinitions.TribalCreditSD.filterByDepartment(TribalCreditSD.java:37)&#13;
✽.filter by Department "Engineering"(file:///C:/Users/User/OneDrive/Documentos/Automation/TribalAutomation/src/test/resources/features/tribalcredit.feature:10)&#13;
</system-err></testcase></testsuite>